Loading scene from /root/all-data/nerf_llff_data/fern...
Reading camera 1/20Reading camera 2/20Reading camera 3/20Reading camera 4/20Reading camera 5/20Reading camera 6/20Reading camera 7/20Reading camera 8/20Reading camera 9/20Reading camera 10/20Reading camera 11/20Reading camera 12/20Reading camera 13/20Reading camera 14/20Reading camera 15/20Reading camera 16/20Reading camera 17/20Reading camera 18/20Reading camera 19/20Reading camera 20/20
Dataset Type:  LLFF
train ['/root/all-data/nerf_llff_data/fern/images/IMG_4027.JPG', '/root/all-data/nerf_llff_data/fern/images/IMG_4036.JPG', '/root/all-data/nerf_llff_data/fern/images/IMG_4045.JPG']
eval ['/root/all-data/nerf_llff_data/fern/images/IMG_4026.JPG', '/root/all-data/nerf_llff_data/fern/images/IMG_4034.JPG', '/root/all-data/nerf_llff_data/fern/images/IMG_4042.JPG']
Loaded Fused Point Cloud for Initialization
Original COLMAP points: 685409
Building KDTree for COLMAP points...

Processing View 0: IMG_4027 ...
  [WARNING] Negative scale detected! Trying inverse depth alignment...
  -> Inverse Alignment: scale=0.0000, shift=29.9554
  -> Alignment: scale=-0.0637, shift=30.2256
  -> Photometric pass: 426733 / 762048
  -> After KDTree filter: 6578

Processing View 1: IMG_4036 ...
  [WARNING] Negative scale detected! Trying inverse depth alignment...
  -> Inverse Alignment: scale=0.0000, shift=30.4020
  -> Alignment: scale=-0.9598, shift=32.7002
  -> Photometric pass: 501998 / 762048
  -> After KDTree filter: 4142

Processing View 2: IMG_4045 ...
  [WARNING] Negative scale detected! Trying inverse depth alignment...
  -> Inverse Alignment: scale=0.0000, shift=29.3109
  -> Alignment: scale=-0.7511, shift=31.3048
  -> Photometric pass: 541188 / 762048
  -> After KDTree filter: 3781

Total new points added: 14501
Saved PLY to /root/all-data/nerf_llff_data/fern/points3D_fused.ply with 699910 points
Launch TensorBoard
Optimizing output/nerf_llff_data/fern
Output folder: output/nerf_llff_data/fern [17/01 00:34:54]
Reading camera 1/20Reading camera 2/20Reading camera 3/20Reading camera 4/20Reading camera 5/20Reading camera 6/20Reading camera 7/20Reading camera 8/20Reading camera 9/20Reading camera 10/20Reading camera 11/20Reading camera 12/20Reading camera 13/20Reading camera 14/20Reading camera 15/20Reading camera 16/20Reading camera 17/20Reading camera 18/20Reading camera 19/20Reading camera 20/20/root/anaconda3/envs/dngaussian-2/lib/python3.9/site-packages/torch/utils/cpp_extension.py:28: UserWarning: pkg_resources is deprecated as an API. See https://setuptools.pypa.io/en/latest/pkg_resources.html. The pkg_resources package is slated for removal as early as 2025-11-30. Refrain from using this package or pin to Setuptools<81.
  from pkg_resources import packaging  # type: ignore[attr-defined]
 [17/01 00:34:55]
Dataset Type:  LLFF [17/01 00:34:55]
train ['/root/all-data/nerf_llff_data/fern/images/IMG_4027.JPG', '/root/all-data/nerf_llff_data/fern/images/IMG_4036.JPG', '/root/all-data/nerf_llff_data/fern/images/IMG_4045.JPG'] [17/01 00:34:55]
eval ['/root/all-data/nerf_llff_data/fern/images/IMG_4026.JPG', '/root/all-data/nerf_llff_data/fern/images/IMG_4034.JPG', '/root/all-data/nerf_llff_data/fern/images/IMG_4042.JPG'] [17/01 00:34:55]
Loaded Fused Point Cloud for Initialization [17/01 00:34:55]
Loading Training Cameras [1.0] [17/01 00:34:55]
Loading Test Cameras [1.0] [17/01 00:34:55]
Loading Eval Cameras [1.0] [17/01 00:34:57]
Number of points at initialisation :  699910 [17/01 00:34:58]
Traceback (most recent call last):
  File "/root/dngs-origin/gridencoder/grid.py", line 10, in <module>
    import _gridencoder as _backend
ModuleNotFoundError: No module named '_gridencoder'

During handling of the above exception, another exception occurred:

Traceback (most recent call last):
  File "/root/anaconda3/envs/dngaussian-2/lib/python3.9/site-packages/torch/utils/cpp_extension.py", line 2100, in _run_ninja_build
    subprocess.run(
  File "/root/anaconda3/envs/dngaussian-2/lib/python3.9/subprocess.py", line 528, in run
    raise CalledProcessError(retcode, process.args,
subprocess.CalledProcessError: Command '['ninja', '-v']' returned non-zero exit status 1.

The above exception was the direct cause of the following exception:

Traceback (most recent call last):
  File "/root/dngs-origin/train_llff_new-2.py", line 487, in <module>
    training(lp.extract(args), op.extract(args), pp.extract(args), args.test_iterations, args.save_iterations, args.checkpoint_iterations, args.start_checkpoint, args.debug_from, args.near)
  File "/root/dngs-origin/train_llff_new-2.py", line 115, in training
    scene = Scene(dataset, gaussians)
  File "/root/dngs-origin/scene/__init__.py", line 91, in __init__
    self.gaussians.create_from_pcd(scene_info.point_cloud, self.cameras_extent)
  File "/root/dngs-origin/scene/gaussian_model.py", line 214, in create_from_pcd
    self.neural_renderer = GridRenderer(
  File "/root/dngs-origin/scene/neural_renderer.py", line 50, in __init__
    self.encoder_x, self.in_dim_x = self.create_encoder()
  File "/root/dngs-origin/scene/neural_renderer.py", line 65, in create_encoder
    self.encoder_x, self.in_dim_x = get_encoder(
  File "/root/dngs-origin/encoding.py", line 64, in get_encoder
    from gridencoder import GridEncoder
  File "/root/dngs-origin/gridencoder/__init__.py", line 1, in <module>
    from .grid import GridEncoder
  File "/root/dngs-origin/gridencoder/grid.py", line 12, in <module>
    from .backend import _backend
  File "/root/dngs-origin/gridencoder/backend.py", line 31, in <module>
    _backend = load(name='_grid_encoder',
  File "/root/anaconda3/envs/dngaussian-2/lib/python3.9/site-packages/torch/utils/cpp_extension.py", line 1308, in load
    return _jit_compile(
  File "/root/anaconda3/envs/dngaussian-2/lib/python3.9/site-packages/torch/utils/cpp_extension.py", line 1710, in _jit_compile
    _write_ninja_file_and_build_library(
  File "/root/anaconda3/envs/dngaussian-2/lib/python3.9/site-packages/torch/utils/cpp_extension.py", line 1823, in _write_ninja_file_and_build_library
    _run_ninja_build(
  File "/root/anaconda3/envs/dngaussian-2/lib/python3.9/site-packages/torch/utils/cpp_extension.py", line 2116, in _run_ninja_build
    raise RuntimeError(message) from e
RuntimeError: Error building extension '_grid_encoder': [1/3] /usr/local/cuda-11.8/bin/nvcc  -DTORCH_EXTENSION_NAME=_grid_encoder -DTORCH_API_INCLUDE_EXTENSION_H -DPYBIND11_COMPILER_TYPE=\"_gcc\" -DPYBIND11_STDLIB=\"_libstdcpp\" -DPYBIND11_BUILD_ABI=\"_cxxabi1011\" -isystem /root/anaconda3/envs/dngaussian-2/lib/python3.9/site-packages/torch/include -isystem /root/anaconda3/envs/dngaussian-2/lib/python3.9/site-packages/torch/include/torch/csrc/api/include -isystem /root/anaconda3/envs/dngaussian-2/lib/python3.9/site-packages/torch/include/TH -isystem /root/anaconda3/envs/dngaussian-2/lib/python3.9/site-packages/torch/include/THC -isystem /usr/local/cuda-11.8/include -isystem /root/anaconda3/envs/dngaussian-2/include/python3.9 -D_GLIBCXX_USE_CXX11_ABI=0 -D__CUDA_NO_HALF_OPERATORS__ -D__CUDA_NO_HALF_CONVERSIONS__ -D__CUDA_NO_BFLOAT16_CONVERSIONS__ -D__CUDA_NO_HALF2_OPERATORS__ --expt-relaxed-constexpr -gencode=arch=compute_89,code=compute_89 -gencode=arch=compute_89,code=sm_89 --compiler-options '-fPIC' -O3 -std=c++14 -U__CUDA_NO_HALF_OPERATORS__ -U__CUDA_NO_HALF_CONVERSIONS__ -U__CUDA_NO_HALF2_OPERATORS__ -c /root/dngs-origin/gridencoder/src/gridencoder.cu -o gridencoder.cuda.o 
FAILED: gridencoder.cuda.o 
/usr/local/cuda-11.8/bin/nvcc  -DTORCH_EXTENSION_NAME=_grid_encoder -DTORCH_API_INCLUDE_EXTENSION_H -DPYBIND11_COMPILER_TYPE=\"_gcc\" -DPYBIND11_STDLIB=\"_libstdcpp\" -DPYBIND11_BUILD_ABI=\"_cxxabi1011\" -isystem /root/anaconda3/envs/dngaussian-2/lib/python3.9/site-packages/torch/include -isystem /root/anaconda3/envs/dngaussian-2/lib/python3.9/site-packages/torch/include/torch/csrc/api/include -isystem /root/anaconda3/envs/dngaussian-2/lib/python3.9/site-packages/torch/include/TH -isystem /root/anaconda3/envs/dngaussian-2/lib/python3.9/site-packages/torch/include/THC -isystem /usr/local/cuda-11.8/include -isystem /root/anaconda3/envs/dngaussian-2/include/python3.9 -D_GLIBCXX_USE_CXX11_ABI=0 -D__CUDA_NO_HALF_OPERATORS__ -D__CUDA_NO_HALF_CONVERSIONS__ -D__CUDA_NO_BFLOAT16_CONVERSIONS__ -D__CUDA_NO_HALF2_OPERATORS__ --expt-relaxed-constexpr -gencode=arch=compute_89,code=compute_89 -gencode=arch=compute_89,code=sm_89 --compiler-options '-fPIC' -O3 -std=c++14 -U__CUDA_NO_HALF_OPERATORS__ -U__CUDA_NO_HALF_CONVERSIONS__ -U__CUDA_NO_HALF2_OPERATORS__ -c /root/dngs-origin/gridencoder/src/gridencoder.cu -o gridencoder.cuda.o 
In file included from /root/anaconda3/envs/dngaussian-2/lib/python3.9/site-packages/torch/include/c10/util/string_view.h:4,
                 from /root/anaconda3/envs/dngaussian-2/lib/python3.9/site-packages/torch/include/c10/util/StringUtil.h:6,
                 from /root/anaconda3/envs/dngaussian-2/lib/python3.9/site-packages/torch/include/c10/util/Exception.h:5,
                 from /root/anaconda3/envs/dngaussian-2/lib/python3.9/site-packages/torch/include/ATen/core/Generator.h:11,
                 from /root/anaconda3/envs/dngaussian-2/lib/python3.9/site-packages/torch/include/ATen/CPUGeneratorImpl.h:3,
                 from /root/anaconda3/envs/dngaussian-2/lib/python3.9/site-packages/torch/include/ATen/Context.h:3,
                 from /root/anaconda3/envs/dngaussian-2/lib/python3.9/site-packages/torch/include/ATen/cuda/CUDAContext.h:18,
                 from /root/dngs-origin/gridencoder/src/gridencoder.cu:5:
/root/anaconda3/envs/dngaussian-2/lib/python3.9/site-packages/torch/include/c10/util/C++17.h:27:2: error: #error You need C++17 to compile PyTorch
   27 | #error You need C++17 to compile PyTorch
      |  ^~~~~
In file included from /root/anaconda3/envs/dngaussian-2/lib/python3.9/site-packages/torch/include/torch/csrc/api/include/torch/torch.h:3,
                 from /root/dngs-origin/gridencoder/src/gridencoder.cu:6:
/root/anaconda3/envs/dngaussian-2/lib/python3.9/site-packages/torch/include/torch/csrc/api/include/torch/all.h:4:2: error: #error C++17 or later compatible compiler is required to use PyTorch.
    4 | #error C++17 or later compatible compiler is required to use PyTorch.
      |  ^~~~~
In file included from /root/anaconda3/envs/dngaussian-2/lib/python3.9/site-packages/torch/include/torch/csrc/api/include/torch/types.h:3,
                 from /root/anaconda3/envs/dngaussian-2/lib/python3.9/site-packages/torch/include/torch/csrc/api/include/torch/data/dataloader_options.h:4,
                 from /root/anaconda3/envs/dngaussian-2/lib/python3.9/site-packages/torch/include/torch/csrc/api/include/torch/data/dataloader/base.h:3,
                 from /root/anaconda3/envs/dngaussian-2/lib/python3.9/site-packages/torch/include/torch/csrc/api/include/torch/data/dataloader/stateful.h:4,
                 from /root/anaconda3/envs/dngaussian-2/lib/python3.9/site-packages/torch/include/torch/csrc/api/include/torch/data/dataloader.h:3,
                 from /root/anaconda3/envs/dngaussian-2/lib/python3.9/site-packages/torch/include/torch/csrc/api/include/torch/data.h:3,
                 from /root/anaconda3/envs/dngaussian-2/lib/python3.9/site-packages/torch/include/torch/csrc/api/include/torch/all.h:9,
                 from /root/anaconda3/envs/dngaussian-2/lib/python3.9/site-packages/torch/include/torch/csrc/api/include/torch/torch.h:3,
                 from /root/dngs-origin/gridencoder/src/gridencoder.cu:6:
/root/anaconda3/envs/dngaussian-2/lib/python3.9/site-packages/torch/include/ATen/ATen.h:4:2: error: #error C++17 or later compatible compiler is required to use ATen.
    4 | #error C++17 or later compatible compiler is required to use ATen.
      |  ^~~~~
[2/3] c++ -MMD -MF bindings.o.d -DTORCH_EXTENSION_NAME=_grid_encoder -DTORCH_API_INCLUDE_EXTENSION_H -DPYBIND11_COMPILER_TYPE=\"_gcc\" -DPYBIND11_STDLIB=\"_libstdcpp\" -DPYBIND11_BUILD_ABI=\"_cxxabi1011\" -isystem /root/anaconda3/envs/dngaussian-2/lib/python3.9/site-packages/torch/include -isystem /root/anaconda3/envs/dngaussian-2/lib/python3.9/site-packages/torch/include/torch/csrc/api/include -isystem /root/anaconda3/envs/dngaussian-2/lib/python3.9/site-packages/torch/include/TH -isystem /root/anaconda3/envs/dngaussian-2/lib/python3.9/site-packages/torch/include/THC -isystem /usr/local/cuda-11.8/include -isystem /root/anaconda3/envs/dngaussian-2/include/python3.9 -D_GLIBCXX_USE_CXX11_ABI=0 -fPIC -std=c++17 -O3 -std=c++14 -c /root/dngs-origin/gridencoder/src/bindings.cpp -o bindings.o 
FAILED: bindings.o 
c++ -MMD -MF bindings.o.d -DTORCH_EXTENSION_NAME=_grid_encoder -DTORCH_API_INCLUDE_EXTENSION_H -DPYBIND11_COMPILER_TYPE=\"_gcc\" -DPYBIND11_STDLIB=\"_libstdcpp\" -DPYBIND11_BUILD_ABI=\"_cxxabi1011\" -isystem /root/anaconda3/envs/dngaussian-2/lib/python3.9/site-packages/torch/include -isystem /root/anaconda3/envs/dngaussian-2/lib/python3.9/site-packages/torch/include/torch/csrc/api/include -isystem /root/anaconda3/envs/dngaussian-2/lib/python3.9/site-packages/torch/include/TH -isystem /root/anaconda3/envs/dngaussian-2/lib/python3.9/site-packages/torch/include/THC -isystem /usr/local/cuda-11.8/include -isystem /root/anaconda3/envs/dngaussian-2/include/python3.9 -D_GLIBCXX_USE_CXX11_ABI=0 -fPIC -std=c++17 -O3 -std=c++14 -c /root/dngs-origin/gridencoder/src/bindings.cpp -o bindings.o 
In file included from /root/anaconda3/envs/dngaussian-2/lib/python3.9/site-packages/torch/include/torch/extension.h:5,
                 from /root/dngs-origin/gridencoder/src/bindings.cpp:1:
/root/anaconda3/envs/dngaussian-2/lib/python3.9/site-packages/torch/include/torch/csrc/api/include/torch/all.h:4:2: error: #error C++17 or later compatible compiler is required to use PyTorch.
    4 | #error C++17 or later compatible compiler is required to use PyTorch.
      |  ^~~~~
In file included from /root/anaconda3/envs/dngaussian-2/lib/python3.9/site-packages/torch/include/c10/util/string_view.h:4,
                 from /root/anaconda3/envs/dngaussian-2/lib/python3.9/site-packages/torch/include/c10/util/StringUtil.h:6,
                 from /root/anaconda3/envs/dngaussian-2/lib/python3.9/site-packages/torch/include/c10/util/Exception.h:5,
                 from /root/anaconda3/envs/dngaussian-2/lib/python3.9/site-packages/torch/include/c10/core/Device.h:5,
                 from /root/anaconda3/envs/dngaussian-2/lib/python3.9/site-packages/torch/include/ATen/core/TensorBody.h:11,
                 from /root/anaconda3/envs/dngaussian-2/lib/python3.9/site-packages/torch/include/ATen/core/Tensor.h:3,
                 from /root/anaconda3/envs/dngaussian-2/lib/python3.9/site-packages/torch/include/ATen/Tensor.h:3,
                 from /root/anaconda3/envs/dngaussian-2/lib/python3.9/site-packages/torch/include/torch/csrc/autograd/function_hook.h:3,
                 from /root/anaconda3/envs/dngaussian-2/lib/python3.9/site-packages/torch/include/torch/csrc/autograd/cpp_hook.h:2,
                 from /root/anaconda3/envs/dngaussian-2/lib/python3.9/site-packages/torch/include/torch/csrc/autograd/variable.h:6,
                 from /root/anaconda3/envs/dngaussian-2/lib/python3.9/site-packages/torch/include/torch/csrc/autograd/autograd.h:3,
                 from /root/anaconda3/envs/dngaussian-2/lib/python3.9/site-packages/torch/include/torch/csrc/api/include/torch/autograd.h:3,
                 from /root/anaconda3/envs/dngaussian-2/lib/python3.9/site-packages/torch/include/torch/csrc/api/include/torch/all.h:7,
                 from /root/anaconda3/envs/dngaussian-2/lib/python3.9/site-packages/torch/include/torch/extension.h:5,
                 from /root/dngs-origin/gridencoder/src/bindings.cpp:1:
/root/anaconda3/envs/dngaussian-2/lib/python3.9/site-packages/torch/include/c10/util/C++17.h:27:2: error: #error You need C++17 to compile PyTorch
   27 | #error You need C++17 to compile PyTorch
      |  ^~~~~
In file included from /root/anaconda3/envs/dngaussian-2/lib/python3.9/site-packages/torch/include/torch/csrc/api/include/torch/types.h:3,
                 from /root/anaconda3/envs/dngaussian-2/lib/python3.9/site-packages/torch/include/torch/csrc/api/include/torch/data/dataloader_options.h:4,
                 from /root/anaconda3/envs/dngaussian-2/lib/python3.9/site-packages/torch/include/torch/csrc/api/include/torch/data/dataloader/base.h:3,
                 from /root/anaconda3/envs/dngaussian-2/lib/python3.9/site-packages/torch/include/torch/csrc/api/include/torch/data/dataloader/stateful.h:4,
                 from /root/anaconda3/envs/dngaussian-2/lib/python3.9/site-packages/torch/include/torch/csrc/api/include/torch/data/dataloader.h:3,
                 from /root/anaconda3/envs/dngaussian-2/lib/python3.9/site-packages/torch/include/torch/csrc/api/include/torch/data.h:3,
                 from /root/anaconda3/envs/dngaussian-2/lib/python3.9/site-packages/torch/include/torch/csrc/api/include/torch/all.h:9,
                 from /root/anaconda3/envs/dngaussian-2/lib/python3.9/site-packages/torch/include/torch/extension.h:5,
                 from /root/dngs-origin/gridencoder/src/bindings.cpp:1:
/root/anaconda3/envs/dngaussian-2/lib/python3.9/site-packages/torch/include/ATen/ATen.h:4:2: error: #error C++17 or later compatible compiler is required to use ATen.
    4 | #error C++17 or later compatible compiler is required to use ATen.
      |  ^~~~~
In file included from /root/anaconda3/envs/dngaussian-2/lib/python3.9/site-packages/torch/include/ATen/core/ivalue.h:1499,
                 from /root/anaconda3/envs/dngaussian-2/lib/python3.9/site-packages/torch/include/ATen/core/List_inl.h:4,
                 from /root/anaconda3/envs/dngaussian-2/lib/python3.9/site-packages/torch/include/ATen/core/List.h:490,
                 from /root/anaconda3/envs/dngaussian-2/lib/python3.9/site-packages/torch/include/ATen/core/IListRef_inl.h:3,
                 from /root/anaconda3/envs/dngaussian-2/lib/python3.9/site-packages/torch/include/ATen/core/IListRef.h:632,
                 from /root/anaconda3/envs/dngaussian-2/lib/python3.9/site-packages/torch/include/ATen/WrapDimUtils.h:3,
                 from /root/anaconda3/envs/dngaussian-2/lib/python3.9/site-packages/torch/include/ATen/TensorNames.h:3,
                 from /root/anaconda3/envs/dngaussian-2/lib/python3.9/site-packages/torch/include/ATen/NamedTensorUtils.h:3,
                 from /root/anaconda3/envs/dngaussian-2/lib/python3.9/site-packages/torch/include/torch/csrc/autograd/variable.h:11,
                 from /root/anaconda3/envs/dngaussian-2/lib/python3.9/site-packages/torch/include/torch/csrc/autograd/autograd.h:3,
                 from /root/anaconda3/envs/dngaussian-2/lib/python3.9/site-packages/torch/include/torch/csrc/api/include/torch/autograd.h:3,
                 from /root/anaconda3/envs/dngaussian-2/lib/python3.9/site-packages/torch/include/torch/csrc/api/include/torch/all.h:7,
                 from /root/anaconda3/envs/dngaussian-2/lib/python3.9/site-packages/torch/include/torch/extension.h:5,
                 from /root/dngs-origin/gridencoder/src/bindings.cpp:1:
/root/anaconda3/envs/dngaussian-2/lib/python3.9/site-packages/torch/include/ATen/core/ivalue_inl.h: In lambda function:
/root/anaconda3/envs/dngaussian-2/lib/python3.9/site-packages/torch/include/ATen/core/ivalue_inl.h:1061:30: error: ‚Äòis_convertible_v‚Äô is not a member of ‚Äòstd‚Äô; did you mean ‚Äòis_convertible‚Äô?
 1061 |         if constexpr (::std::is_convertible_v<typename c10::invoke_result_t<T &&, Future&>, IValueWithStorages>) {
      |                              ^~~~~~~~~~~~~~~~
      |                              is_convertible
/root/anaconda3/envs/dngaussian-2/lib/python3.9/site-packages/torch/include/ATen/core/ivalue_inl.h:1061:91: error: expected ‚Äò(‚Äô before ‚Äò,‚Äô token
 1061 |         if constexpr (::std::is_convertible_v<typename c10::invoke_result_t<T &&, Future&>, IValueWithStorages>) {
      |                                                                                           ^
      |                                                                                           (
/root/anaconda3/envs/dngaussian-2/lib/python3.9/site-packages/torch/include/ATen/core/ivalue_inl.h:1061:111: error: expected primary-expression before ‚Äò>‚Äô token
 1061 |         if constexpr (::std::is_convertible_v<typename c10::invoke_result_t<T &&, Future&>, IValueWithStorages>) {
      |                                                                                                               ^
/root/anaconda3/envs/dngaussian-2/lib/python3.9/site-packages/torch/include/ATen/core/ivalue_inl.h:1061:112: error: expected primary-expression before ‚Äò)‚Äô token
 1061 |         if constexpr (::std::is_convertible_v<typename c10::invoke_result_t<T &&, Future&>, IValueWithStorages>) {
      |                                                                                                                ^
In file included from /root/anaconda3/envs/dngaussian-2/lib/python3.9/site-packages/torch/include/ATen/core/boxing/KernelFunction_impl.h:1,
                 from /root/anaconda3/envs/dngaussian-2/lib/python3.9/site-packages/torch/include/ATen/core/boxing/KernelFunction.h:251,
                 from /root/anaconda3/envs/dngaussian-2/lib/python3.9/site-packages/torch/include/ATen/core/op_registration/op_registration.h:11,
                 from /root/anaconda3/envs/dngaussian-2/lib/python3.9/site-packages/torch/include/torch/library.h:68,
                 from /root/anaconda3/envs/dngaussian-2/lib/python3.9/site-packages/torch/include/torch/csrc/autograd/autograd_not_implemented_fallback.h:3,
                 from /root/anaconda3/envs/dngaussian-2/lib/python3.9/site-packages/torch/include/torch/csrc/api/include/torch/autograd.h:4,
                 from /root/anaconda3/envs/dngaussian-2/lib/python3.9/site-packages/torch/include/torch/csrc/api/include/torch/all.h:7,
                 from /root/anaconda3/envs/dngaussian-2/lib/python3.9/site-packages/torch/include/torch/extension.h:5,
                 from /root/dngs-origin/gridencoder/src/bindings.cpp:1:
/root/anaconda3/envs/dngaussian-2/lib/python3.9/site-packages/torch/include/ATen/core/boxing/impl/boxing.h: In static member function ‚Äòstatic Result c10::impl::BoxedKernelWrapper<Result(Args ...), typename std::enable_if<((c10::guts::conjunction<c10::impl::can_box<Args>...>::value && c10::guts::conjunction<c10::guts::disjunction<c10::impl::has_ivalue_to<T, void>, std::is_same<void, ReturnType> >, c10::guts::negation<std::is_lvalue_reference<_Tp> > >::value) && (! c10::impl::is_tuple_of_mutable_tensor_refs<Result>::value)), void>::type>::call(const c10::BoxedKernel&, const c10::OperatorHandle&, c10::DispatchKeySet, Args ...)‚Äô:
/root/anaconda3/envs/dngaussian-2/lib/python3.9/site-packages/torch/include/ATen/core/boxing/impl/boxing.h:229:25: error: ‚Äòis_same_v‚Äô is not a member of ‚Äòstd‚Äô; did you mean ‚Äòis_same‚Äô?
  229 |     if constexpr (!std::is_same_v<void, Result>) {
      |                         ^~~~~~~~~
      |                         is_same
/root/anaconda3/envs/dngaussian-2/lib/python3.9/site-packages/torch/include/ATen/core/boxing/impl/boxing.h:229:35: error: expected primary-expression before ‚Äòvoid‚Äô
  229 |     if constexpr (!std::is_same_v<void, Result>) {
      |                                   ^~~~
/root/anaconda3/envs/dngaussian-2/lib/python3.9/site-packages/torch/include/ATen/core/boxing/impl/boxing.h:229:35: error: expected ‚Äò)‚Äô before ‚Äòvoid‚Äô
  229 |     if constexpr (!std::is_same_v<void, Result>) {
      |                  ~                ^~~~
      |                                   )
ninja: build stopped: subcommand failed.

Loading scene from /root/all-data/nerf_llff_data/flower...
Reading camera 1/34Reading camera 2/34Reading camera 3/34Reading camera 4/34Reading camera 5/34Reading camera 6/34Reading camera 7/34Reading camera 8/34Reading camera 9/34Reading camera 10/34Reading camera 11/34Reading camera 12/34Reading camera 13/34Reading camera 14/34Reading camera 15/34Reading camera 16/34Reading camera 17/34Reading camera 18/34Reading camera 19/34Reading camera 20/34Reading camera 21/34Reading camera 22/34Reading camera 23/34Reading camera 24/34Reading camera 25/34Reading camera 26/34Reading camera 27/34Reading camera 28/34Reading camera 29/34Reading camera 30/34Reading camera 31/34Reading camera 32/34Reading camera 33/34Reading camera 34/34üöÄ Running LLFF all scenes with generate + train
üìÇ Data root: /root/all-data/nerf_llff_data
üíæ Output root: output/nerf_llff_data

==================================================
‚ñ∂Ô∏è  Scene: fern
==================================================

‚ùå Scene fern failed! Exit code: 1
Continuing to next scene...

==================================================
‚ñ∂Ô∏è  Scene: flower
==================================================

üõë Stopped by user.
